TN:
SF:src\app\controllers\CategoryController.js
FN:1,Object.<anonymous>
FN:3,_interopRequireDefault
FN:18,index
FN:39,show
FN:71,store
FNF:5
FNH:5
FNDA:5,Object.<anonymous>
FNDA:10,_interopRequireDefault
FNDA:3,index
FNDA:1,show
FNDA:4,store
DA:1,5
DA:2,5
DA:3,5
DA:4,10
DA:5,0
DA:6,5
DA:7,5
DA:8,5
DA:9,5
DA:10,5
DA:11,5
DA:12,5
DA:13,5
DA:14,5
DA:15,5
DA:16,5
DA:17,5
DA:18,5
DA:19,3
DA:20,3
DA:21,3
DA:22,3
DA:23,3
DA:24,3
DA:25,3
DA:26,3
DA:27,3
DA:28,3
DA:29,3
DA:30,3
DA:31,3
DA:32,3
DA:33,3
DA:34,3
DA:35,2
DA:36,3
DA:37,1
DA:38,5
DA:39,1
DA:40,1
DA:41,1
DA:42,1
DA:43,1
DA:44,1
DA:45,1
DA:46,1
DA:47,1
DA:48,1
DA:49,1
DA:50,1
DA:51,1
DA:52,1
DA:53,1
DA:54,1
DA:55,1
DA:56,1
DA:57,1
DA:58,1
DA:59,1
DA:60,1
DA:61,1
DA:62,0
DA:63,0
DA:64,1
DA:65,1
DA:66,1
DA:67,1
DA:68,0
DA:69,0
DA:70,5
DA:71,4
DA:72,4
DA:73,4
DA:74,4
DA:75,4
DA:76,4
LF:76
LH:71
BRDA:1,0,0,5
BRDA:1,1,0,5
BRDA:3,2,0,10
BRDA:4,3,0,0
BRDA:18,4,0,3
BRDA:24,5,0,1
BRDA:34,6,0,2
BRDA:36,7,0,0
BRDA:36,8,0,1
BRDA:38,9,0,0
BRDA:39,10,0,1
BRDA:61,11,0,0
BRDA:67,12,0,0
BRDA:71,13,0,4
BRDA:76,14,0,3
BRDA:76,15,0,1
BRF:16
BRH:11
end_of_record
TN:
SF:src\app\controllers\ProductController.js
FN:1,Object.<anonymous>
FN:3,_interopRequireDefault
FN:17,index
FN:39,show
FN:69,store
FN:87,update
FN:115,delete
FNF:7
FNH:7
FNDA:5,Object.<anonymous>
FNDA:10,_interopRequireDefault
FNDA:3,index
FNDA:1,show
FNDA:2,store
FNDA:1,update
FNDA:1,delete
DA:1,5
DA:2,5
DA:3,5
DA:4,10
DA:5,10
DA:6,5
DA:7,5
DA:8,5
DA:9,5
DA:10,5
DA:11,5
DA:12,5
DA:13,5
DA:14,5
DA:15,5
DA:16,5
DA:17,5
DA:18,3
DA:19,3
DA:20,3
DA:21,3
DA:22,3
DA:23,3
DA:24,3
DA:25,3
DA:26,3
DA:27,3
DA:28,3
DA:29,3
DA:30,3
DA:31,3
DA:32,3
DA:33,3
DA:34,3
DA:35,3
DA:36,1
DA:37,1
DA:38,5
DA:39,1
DA:40,1
DA:41,1
DA:42,1
DA:43,1
DA:44,1
DA:45,1
DA:46,1
DA:47,1
DA:48,1
DA:49,1
DA:50,1
DA:51,1
DA:52,1
DA:53,1
DA:54,1
DA:55,1
DA:56,1
DA:57,1
DA:58,1
DA:59,1
DA:60,1
DA:61,0
DA:62,0
DA:63,1
DA:64,1
DA:65,1
DA:66,0
DA:67,0
DA:68,5
DA:69,5
DA:70,2
DA:71,2
DA:72,2
DA:73,2
DA:74,2
DA:75,2
DA:76,0
DA:77,0
DA:78,0
DA:79,0
DA:80,2
DA:81,2
DA:82,2
DA:83,2
DA:84,0
DA:85,0
DA:86,0
DA:87,5
DA:88,1
DA:89,1
DA:90,1
DA:91,1
DA:92,1
DA:93,1
DA:94,1
DA:95,1
DA:96,1
DA:97,1
DA:98,1
DA:99,0
DA:100,0
DA:101,0
DA:102,0
DA:103,0
DA:104,1
DA:105,1
DA:106,1
DA:107,1
DA:108,1
DA:109,1
DA:110,1
DA:111,0
DA:112,0
DA:113,0
DA:114,0
DA:115,5
DA:116,1
DA:117,1
DA:118,1
DA:119,1
DA:120,1
DA:121,1
DA:122,1
DA:123,1
LF:123
LH:103
BRDA:1,0,0,5
BRDA:1,1,0,5
BRDA:3,2,0,10
BRDA:6,3,0,0
BRDA:17,4,0,3
BRDA:24,5,0,1
BRDA:34,6,0,2
BRDA:35,7,0,0
BRDA:35,8,0,1
BRDA:38,9,0,0
BRDA:39,10,0,1
BRDA:60,11,0,0
BRDA:65,12,0,0
BRDA:69,13,0,2
BRDA:76,14,0,0
BRDA:83,15,0,0
BRDA:87,16,0,1
BRDA:98,17,0,0
BRDA:110,18,0,0
BRDA:115,19,0,1
BRF:20
BRH:11
end_of_record
TN:
SF:src\app\controllers\ReasonController.js
FN:1,Object.<anonymous>
FN:3,_interopRequireDefault
FN:25,index
FN:44,show
FN:89,store
FNF:5
FNH:5
FNDA:5,Object.<anonymous>
FNDA:20,_interopRequireDefault
FNDA:1,index
FNDA:1,show
FNDA:2,store
DA:1,5
DA:2,5
DA:3,5
DA:4,20
DA:5,5
DA:6,5
DA:7,5
DA:8,5
DA:9,5
DA:10,5
DA:11,5
DA:12,5
DA:13,5
DA:14,5
DA:15,5
DA:16,5
DA:17,5
DA:18,5
DA:19,5
DA:20,5
DA:21,5
DA:22,5
DA:23,5
DA:24,5
DA:25,5
DA:26,1
DA:27,1
DA:28,1
DA:29,1
DA:30,1
DA:31,1
DA:32,0
DA:33,1
DA:34,1
DA:35,1
DA:36,1
DA:37,1
DA:38,1
DA:39,1
DA:40,0
DA:41,0
DA:42,0
DA:43,0
DA:44,5
DA:45,1
DA:46,1
DA:47,1
DA:48,1
DA:49,1
DA:50,1
DA:51,1
DA:52,1
DA:53,1
DA:54,1
DA:55,1
DA:56,1
DA:57,1
DA:58,1
DA:59,1
DA:60,1
DA:61,1
DA:62,1
DA:63,1
DA:64,1
DA:65,1
DA:66,1
DA:67,1
DA:68,1
DA:69,1
DA:70,1
DA:71,1
DA:72,1
DA:73,1
DA:74,1
DA:75,1
DA:76,1
DA:77,1
DA:78,1
DA:79,1
DA:80,0
DA:81,0
DA:82,1
DA:83,1
DA:84,1
DA:85,0
DA:86,0
DA:87,0
DA:88,0
DA:89,5
LF:89
LH:78
BRDA:1,0,0,5
BRDA:1,1,0,5
BRDA:3,2,0,20
BRDA:4,3,0,0
BRDA:25,4,0,1
BRDA:31,5,0,0
BRDA:40,6,0,0
BRDA:44,7,0,1
BRDA:80,8,0,0
BRDA:84,9,0,0
BRDA:89,10,0,2
BRF:11
BRH:6
end_of_record
TN:
SF:src\app\controllers\SaleController.js
FN:1,Object.<anonymous>
FN:3,_interopRequireDefault
FN:29,index
FN:39,show
FN:79,store
FNF:5
FNH:2
FNDA:5,Object.<anonymous>
FNDA:25,_interopRequireDefault
FNDA:0,index
FNDA:0,show
FNDA:0,store
DA:1,5
DA:2,5
DA:3,5
DA:4,25
DA:5,25
DA:6,5
DA:7,5
DA:8,5
DA:9,5
DA:10,5
DA:11,5
DA:12,5
DA:13,5
DA:14,5
DA:15,5
DA:16,5
DA:17,5
DA:18,5
DA:19,5
DA:20,5
DA:21,5
DA:22,5
DA:23,5
DA:24,5
DA:25,5
DA:26,5
DA:27,5
DA:28,5
DA:29,5
DA:30,0
DA:31,0
DA:32,0
DA:33,0
DA:34,0
DA:35,0
DA:36,0
DA:37,0
DA:38,0
DA:39,5
DA:40,0
DA:41,0
DA:42,0
DA:43,0
DA:44,0
DA:45,0
DA:46,0
DA:47,0
DA:48,0
DA:49,0
DA:50,0
DA:51,0
DA:52,0
DA:53,0
DA:54,0
DA:55,0
DA:56,0
DA:57,0
DA:58,0
DA:59,0
DA:60,0
DA:61,0
DA:62,0
DA:63,0
DA:64,0
DA:65,0
DA:66,0
DA:67,0
DA:68,0
DA:69,0
DA:70,0
DA:71,0
DA:72,0
DA:73,0
DA:74,5
DA:75,5
DA:76,5
DA:77,5
DA:78,5
DA:79,5
DA:80,0
DA:81,0
DA:82,0
DA:83,0
DA:84,0
DA:85,0
DA:86,0
DA:87,0
DA:88,0
DA:89,0
DA:90,0
DA:91,0
DA:92,0
DA:93,0
DA:94,0
DA:95,0
DA:96,0
DA:97,0
DA:98,0
DA:99,0
DA:100,0
DA:101,0
DA:102,0
DA:103,0
DA:104,0
DA:105,0
DA:106,0
DA:107,0
DA:108,0
DA:109,0
DA:110,0
DA:111,0
DA:112,0
DA:113,0
DA:114,0
DA:115,0
DA:116,0
DA:117,0
DA:118,0
DA:119,0
DA:120,0
DA:121,0
DA:122,0
DA:123,0
DA:124,0
DA:125,0
DA:126,0
DA:127,0
DA:128,0
DA:129,0
DA:130,0
DA:131,0
DA:132,0
DA:133,0
DA:134,0
DA:135,0
DA:136,0
DA:137,0
DA:138,0
DA:139,0
DA:140,0
DA:141,0
DA:142,0
DA:143,0
DA:144,0
DA:145,0
DA:146,0
DA:147,0
DA:148,0
DA:149,0
DA:150,0
DA:151,0
DA:152,0
DA:153,0
DA:154,0
DA:155,0
DA:156,0
DA:157,0
DA:158,0
DA:159,0
DA:160,0
DA:161,0
DA:162,0
DA:163,0
DA:164,0
DA:165,0
DA:166,0
DA:167,0
DA:168,0
DA:169,0
DA:170,0
DA:171,0
DA:172,0
DA:173,0
DA:174,0
DA:175,0
DA:176,0
DA:177,0
DA:178,0
DA:179,0
DA:180,0
DA:181,0
DA:182,0
DA:183,0
DA:184,0
DA:185,0
DA:186,0
DA:187,0
DA:188,0
DA:189,0
DA:190,0
DA:191,0
DA:192,0
DA:193,0
DA:194,0
DA:195,0
DA:196,0
DA:197,0
DA:198,0
DA:199,0
DA:200,0
DA:201,0
DA:202,0
DA:203,0
DA:204,0
DA:205,0
DA:206,0
DA:207,0
DA:208,0
DA:209,0
DA:210,0
DA:211,0
DA:212,0
DA:213,0
DA:214,0
DA:215,0
LF:215
LH:36
BRDA:1,0,0,5
BRDA:1,1,0,5
BRDA:3,2,0,25
BRDA:5,3,0,0
BRF:4
BRH:3
end_of_record
TN:
SF:src\app\controllers\SaleReturnController.js
FN:1,Object.<anonymous>
FN:3,_interopRequireDefault
FN:29,index
FN:97,show
FN:129,store
FNF:5
FNH:2
FNDA:5,Object.<anonymous>
FNDA:30,_interopRequireDefault
FNDA:0,index
FNDA:0,show
FNDA:0,store
DA:1,5
DA:2,5
DA:3,5
DA:4,30
DA:5,5
DA:6,5
DA:7,5
DA:8,5
DA:9,5
DA:10,5
DA:11,5
DA:12,5
DA:13,5
DA:14,5
DA:15,5
DA:16,5
DA:17,5
DA:18,5
DA:19,5
DA:20,5
DA:21,5
DA:22,5
DA:23,5
DA:24,5
DA:25,5
DA:26,5
DA:27,5
DA:28,5
DA:29,5
DA:30,0
DA:31,0
DA:32,0
DA:33,0
DA:34,0
DA:35,0
DA:36,0
DA:37,0
DA:38,0
DA:39,0
DA:40,0
DA:41,0
DA:42,0
DA:43,0
DA:44,0
DA:45,0
DA:46,0
DA:47,0
DA:48,0
DA:49,0
DA:50,0
DA:51,0
DA:52,0
DA:53,0
DA:54,0
DA:55,0
DA:56,0
DA:57,0
DA:58,0
DA:59,0
DA:60,0
DA:61,0
DA:62,0
DA:63,0
DA:64,0
DA:65,0
DA:66,0
DA:67,0
DA:68,0
DA:69,0
DA:70,0
DA:71,0
DA:72,0
DA:73,0
DA:74,0
DA:75,0
DA:76,0
DA:77,0
DA:78,0
DA:79,0
DA:80,0
DA:81,0
DA:82,0
DA:83,0
DA:84,0
DA:85,0
DA:86,0
DA:87,0
DA:88,0
DA:89,0
DA:90,0
DA:91,0
DA:92,0
DA:93,0
DA:94,0
DA:95,0
DA:96,0
DA:97,5
DA:98,0
DA:99,0
DA:100,0
DA:101,0
DA:102,0
DA:103,0
DA:104,0
DA:105,0
DA:106,0
DA:107,0
DA:108,0
DA:109,0
DA:110,0
DA:111,0
DA:112,0
DA:113,0
DA:114,0
DA:115,0
DA:116,0
DA:117,0
DA:118,0
DA:119,0
DA:120,0
DA:121,0
DA:122,0
DA:123,0
DA:124,0
DA:125,0
DA:126,0
DA:127,5
DA:128,5
DA:129,5
DA:130,0
DA:131,0
DA:132,0
DA:133,0
DA:134,0
DA:135,0
DA:136,0
DA:137,0
DA:138,0
DA:139,0
DA:140,0
DA:141,0
DA:142,0
DA:143,0
DA:144,0
DA:145,0
DA:146,0
DA:147,0
DA:148,0
DA:149,0
DA:150,0
DA:151,0
DA:152,0
DA:153,0
DA:154,0
DA:155,0
DA:156,0
DA:157,0
DA:158,0
DA:159,0
LF:159
LH:33
BRDA:1,0,0,5
BRDA:1,1,0,5
BRDA:3,2,0,30
BRDA:5,3,0,25
BRDA:5,4,0,5
BRF:5
BRH:5
end_of_record
TN:
SF:src\app\controllers\StockController.js
FN:1,Object.<anonymous>
FN:3,_interopRequireDefault
FN:25,index
FN:37,show
FNF:4
FNH:3
FNDA:5,Object.<anonymous>
FNDA:20,_interopRequireDefault
FNDA:1,index
FNDA:0,show
DA:1,5
DA:2,5
DA:3,5
DA:4,20
DA:5,5
DA:6,5
DA:7,5
DA:8,5
DA:9,5
DA:10,5
DA:11,5
DA:12,5
DA:13,5
DA:14,5
DA:15,5
DA:16,5
DA:17,5
DA:18,5
DA:19,5
DA:20,5
DA:21,5
DA:22,5
DA:23,5
DA:24,5
DA:25,5
DA:26,1
DA:27,1
DA:28,1
DA:29,1
DA:30,1
DA:31,1
DA:32,1
DA:33,1
DA:34,0
DA:35,0
DA:36,0
DA:37,5
DA:38,0
DA:39,0
DA:40,0
DA:41,0
DA:42,0
DA:43,0
DA:44,0
DA:45,0
DA:46,0
DA:47,0
DA:48,0
DA:49,0
DA:50,0
DA:51,0
DA:52,0
DA:53,0
DA:54,0
DA:55,0
DA:56,0
DA:57,0
DA:58,0
DA:59,0
DA:60,0
DA:61,0
DA:62,0
DA:63,0
DA:64,0
DA:65,0
DA:66,0
DA:67,0
DA:68,0
DA:69,0
DA:70,0
DA:71,0
DA:72,0
DA:73,0
DA:74,0
DA:75,0
DA:76,0
DA:77,0
DA:78,0
DA:79,0
DA:80,0
DA:81,0
DA:82,0
DA:83,0
DA:84,0
DA:85,0
LF:85
LH:34
BRDA:1,0,0,5
BRDA:1,1,0,5
BRDA:3,2,0,20
BRDA:5,3,0,0
BRDA:25,4,0,1
BRDA:33,5,0,0
BRF:6
BRH:4
end_of_record
TN:
SF:src\app\controllers\StockProductController.js
FN:1,Object.<anonymous>
FN:3,_interopRequireDefault
FN:16,index
FN:41,show
FN:69,store
FN:117,update
FN:174,delete
FNF:7
FNH:7
FNDA:5,Object.<anonymous>
FNDA:15,_interopRequireDefault
FNDA:1,index
FNDA:1,show
FNDA:1,store
FNDA:2,update
FNDA:1,delete
DA:1,5
DA:2,5
DA:3,5
DA:4,15
DA:5,5
DA:6,5
DA:7,5
DA:8,5
DA:9,5
DA:10,5
DA:11,5
DA:12,5
DA:13,5
DA:14,5
DA:15,5
DA:16,5
DA:17,1
DA:18,1
DA:19,1
DA:20,1
DA:21,1
DA:22,1
DA:23,1
DA:24,1
DA:25,1
DA:26,1
DA:27,1
DA:28,1
DA:29,1
DA:30,1
DA:31,1
DA:32,1
DA:33,1
DA:34,1
DA:35,1
DA:36,1
DA:37,1
DA:38,1
DA:39,0
DA:40,0
DA:41,5
DA:42,1
DA:43,1
DA:44,1
DA:45,1
DA:46,1
DA:47,1
DA:48,1
DA:49,1
DA:50,1
DA:51,1
DA:52,1
DA:53,1
DA:54,1
DA:55,1
DA:56,1
DA:57,1
DA:58,1
DA:59,1
DA:60,1
DA:61,0
DA:62,0
DA:63,1
DA:64,1
DA:65,1
DA:66,0
DA:67,0
DA:68,0
DA:69,5
DA:70,1
DA:71,1
DA:72,1
DA:73,1
DA:74,1
DA:75,1
DA:76,1
DA:77,1
DA:78,1
DA:79,1
DA:80,0
DA:81,0
DA:82,1
DA:83,1
DA:84,1
DA:85,1
DA:86,1
DA:87,1
DA:88,1
DA:89,0
DA:90,1
DA:91,1
DA:92,1
DA:93,1
DA:94,1
DA:95,1
DA:96,1
DA:97,1
DA:98,1
DA:99,1
DA:100,1
DA:101,1
DA:102,1
DA:103,1
DA:104,1
DA:105,1
DA:106,1
DA:107,1
DA:108,1
DA:109,0
DA:110,0
DA:111,0
DA:112,0
DA:113,1
DA:114,1
DA:115,0
DA:116,0
DA:117,5
DA:118,2
DA:119,2
DA:120,2
DA:121,2
DA:122,2
DA:123,2
DA:124,2
DA:125,0
DA:126,0
DA:127,2
DA:128,2
DA:129,2
DA:130,2
DA:131,2
DA:132,2
DA:133,1
DA:134,1
DA:135,2
DA:136,0
DA:137,0
DA:138,2
DA:139,1
DA:140,1
DA:141,1
DA:142,2
DA:143,0
DA:144,0
DA:145,0
DA:146,2
DA:147,1
DA:148,1
DA:149,2
DA:150,0
DA:151,2
DA:152,1
DA:153,1
DA:154,1
DA:155,2
DA:156,0
DA:157,0
DA:158,0
DA:159,2
DA:160,1
DA:161,1
DA:162,1
DA:163,1
DA:164,1
DA:165,1
DA:166,1
DA:167,1
DA:168,1
DA:169,1
DA:170,1
DA:171,2
DA:172,0
DA:173,0
DA:174,5
DA:175,1
DA:176,1
DA:177,1
DA:178,1
DA:179,1
DA:180,1
DA:181,1
DA:182,1
DA:183,0
DA:184,0
DA:185,0
DA:186,0
DA:187,0
LF:187
LH:153
BRDA:1,0,0,5
BRDA:1,1,0,5
BRDA:3,2,0,15
BRDA:5,3,0,0
BRDA:16,4,0,1
BRDA:38,5,0,0
BRDA:41,6,0,1
BRDA:46,7,0,0
BRDA:61,8,0,0
BRDA:65,9,0,0
BRDA:69,10,0,1
BRDA:80,11,0,0
BRDA:88,12,0,0
BRDA:108,13,0,0
BRDA:114,14,0,0
BRDA:117,15,0,2
BRDA:124,16,0,0
BRDA:132,17,0,1
BRDA:135,18,0,0
BRDA:138,19,0,1
BRDA:142,20,0,0
BRDA:146,21,0,1
BRDA:149,22,0,0
BRDA:151,23,0,1
BRDA:155,24,0,0
BRDA:159,25,0,1
BRDA:171,26,0,0
BRDA:174,27,0,1
BRDA:182,28,0,0
BRF:29
BRH:13
end_of_record
TN:
SF:src\app\documentation\user.js
FN:1,(empty-report)
FNF:1
FNH:0
FNDA:0,(empty-report)
DA:1,0
DA:2,0
DA:3,0
DA:4,0
DA:5,0
DA:6,0
LF:6
LH:0
BRDA:1,0,0,0
BRF:1
BRH:0
end_of_record
TN:
SF:src\app\middlewares\index.js
FN:1,Object.<anonymous>
FNF:1
FNH:1
FNDA:5,Object.<anonymous>
DA:1,5
DA:2,5
DA:3,5
LF:3
LH:3
BRDA:1,0,0,5
BRDA:1,1,0,5
BRF:2
BRH:2
end_of_record
TN:
SF:src\app\middlewares\log.js
FN:1,Object.<anonymous>
FN:2,Object.<anonymous>.exports.default
FNF:2
FNH:2
FNDA:5,Object.<anonymous>
FNDA:37,Object.<anonymous>.exports.default
DA:1,5
DA:2,5
DA:3,37
DA:4,37
DA:5,37
DA:6,37
LF:6
LH:6
BRDA:1,0,0,5
BRDA:1,1,0,5
BRDA:2,2,0,37
BRF:3
BRH:3
end_of_record
TN:
SF:src\app\middlewares\refactor.js
FN:1,Object.<anonymous>
FN:6,invalidParams
FN:16,isNumber
FN:27,productData
FN:37,isNumberCategory
FN:49,stockProductData
FN:59,isProductNumber
FN:71,isStockNumber
FNF:8
FNH:8
FNDA:5,Object.<anonymous>
FNDA:13,invalidParams
FNDA:12,isNumber
FNDA:6,productData
FNDA:4,isNumberCategory
FNDA:1,stockProductData
FNDA:4,isProductNumber
FNDA:3,isStockNumber
DA:1,5
DA:2,5
DA:3,5
DA:4,5
DA:5,5
DA:6,5
DA:7,13
DA:8,13
DA:9,13
DA:10,0
DA:11,0
DA:12,0
DA:13,0
DA:14,0
DA:15,0
DA:16,5
DA:17,12
DA:18,12
DA:19,12
DA:20,12
DA:21,12
DA:22,5
DA:23,5
DA:24,5
DA:25,5
DA:26,5
DA:27,5
DA:28,6
DA:29,6
DA:30,6
DA:31,6
DA:32,2
DA:33,2
DA:34,2
DA:35,2
DA:36,2
DA:37,5
DA:38,4
DA:39,4
DA:40,4
DA:41,4
DA:42,4
DA:43,4
DA:44,0
DA:45,0
DA:46,0
DA:47,0
DA:48,0
DA:49,5
DA:50,1
DA:51,1
DA:52,1
DA:53,1
DA:54,0
DA:55,0
DA:56,0
DA:57,0
DA:58,0
DA:59,5
DA:60,4
DA:61,4
DA:62,4
DA:63,4
DA:64,4
DA:65,4
DA:66,1
DA:67,1
DA:68,1
DA:69,1
DA:70,1
DA:71,5
DA:72,3
DA:73,3
DA:74,3
DA:75,3
DA:76,3
DA:77,3
DA:78,0
DA:79,0
DA:80,0
DA:81,0
DA:82,0
DA:83,0
DA:84,0
DA:85,3
DA:86,5
DA:87,5
DA:88,5
DA:89,5
DA:90,5
LF:90
LH:67
BRDA:1,0,0,5
BRDA:1,1,0,5
BRDA:6,2,0,13
BRDA:10,3,0,0
BRDA:16,4,0,12
BRDA:22,5,0,10
BRDA:22,6,0,5
BRDA:27,7,0,7
BRDA:27,8,0,6
BRDA:30,9,0,4
BRDA:30,10,0,4
BRDA:31,11,0,2
BRDA:37,12,0,4
BRDA:37,13,0,4
BRDA:44,14,0,0
BRDA:49,15,0,1
BRDA:53,16,0,0
BRDA:59,17,0,4
BRDA:66,18,0,1
BRDA:71,19,0,3
BRDA:71,20,0,3
BRDA:78,21,0,0
BRF:22
BRH:18
end_of_record
TN:
SF:src\app\models\Category.js
FN:1,Object.<anonymous>
FN:8,init
FN:21,associate
FNF:3
FNH:3
FNDA:5,Object.<anonymous>
FNDA:5,init
FNDA:5,associate
DA:1,5
DA:2,5
DA:3,5
DA:4,5
DA:5,5
DA:6,5
DA:7,5
DA:8,5
DA:9,5
DA:10,5
DA:11,5
DA:12,5
DA:13,5
DA:14,5
DA:15,5
DA:16,5
DA:17,5
DA:18,5
DA:19,5
DA:20,5
DA:21,5
DA:22,5
DA:23,5
DA:24,5
DA:25,5
DA:26,5
LF:26
LH:26
BRDA:1,0,0,5
BRDA:1,1,0,5
BRDA:8,2,0,5
BRDA:21,3,0,5
BRF:4
BRH:4
end_of_record
TN:
SF:src\app\models\Product.js
FN:1,Object.<anonymous>
FN:8,init
FN:23,associate
FNF:3
FNH:3
FNDA:5,Object.<anonymous>
FNDA:5,init
FNDA:5,associate
DA:1,5
DA:2,5
DA:3,5
DA:4,5
DA:5,5
DA:6,5
DA:7,5
DA:8,5
DA:9,5
DA:10,5
DA:11,5
DA:12,5
DA:13,5
DA:14,5
DA:15,5
DA:16,5
DA:17,5
DA:18,5
DA:19,5
DA:20,5
DA:21,5
DA:22,5
DA:23,5
DA:24,5
DA:25,5
DA:26,5
DA:27,5
DA:28,5
DA:29,5
DA:30,5
DA:31,5
DA:32,5
DA:33,5
DA:34,5
DA:35,5
DA:36,5
DA:37,5
DA:38,5
DA:39,5
LF:39
LH:39
BRDA:1,0,0,5
BRDA:1,1,0,5
BRDA:8,2,0,5
BRDA:23,3,0,5
BRF:4
BRH:4
end_of_record
TN:
SF:src\app\models\Reason.js
FN:1,Object.<anonymous>
FN:7,init
FN:20,associate
FNF:3
FNH:3
FNDA:5,Object.<anonymous>
FNDA:5,init
FNDA:5,associate
DA:1,5
DA:2,5
DA:3,5
DA:4,5
DA:5,5
DA:6,5
DA:7,5
DA:8,5
DA:9,5
DA:10,5
DA:11,5
DA:12,5
DA:13,5
DA:14,5
DA:15,5
DA:16,5
DA:17,5
DA:18,5
DA:19,5
DA:20,5
DA:21,5
DA:22,5
DA:23,5
DA:24,5
DA:25,5
DA:26,5
DA:27,5
DA:28,5
DA:29,5
DA:30,5
DA:31,5
DA:32,5
LF:32
LH:32
BRDA:1,0,0,5
BRDA:1,1,0,5
BRDA:7,2,0,5
BRDA:20,3,0,5
BRF:4
BRH:4
end_of_record
TN:
SF:src\app\models\Sale.js
FN:1,Object.<anonymous>
FN:7,init
FN:20,associate
FNF:3
FNH:3
FNDA:5,Object.<anonymous>
FNDA:5,init
FNDA:5,associate
DA:1,5
DA:2,5
DA:3,5
DA:4,5
DA:5,5
DA:6,5
DA:7,5
DA:8,5
DA:9,5
DA:10,5
DA:11,5
DA:12,5
DA:13,5
DA:14,5
DA:15,5
DA:16,5
DA:17,5
DA:18,5
DA:19,5
DA:20,5
DA:21,5
DA:22,5
DA:23,5
DA:24,5
DA:25,5
DA:26,5
DA:27,5
DA:28,5
DA:29,5
DA:30,5
DA:31,5
DA:32,5
DA:33,5
DA:34,5
DA:35,5
DA:36,5
DA:37,5
DA:38,5
DA:39,5
DA:40,5
LF:40
LH:40
BRDA:1,0,0,5
BRDA:1,1,0,5
BRDA:7,2,0,5
BRDA:20,3,0,5
BRF:4
BRH:4
end_of_record
TN:
SF:src\app\models\SaleReturn.js
FN:1,Object.<anonymous>
FN:7,init
FN:20,associate
FNF:3
FNH:3
FNDA:5,Object.<anonymous>
FNDA:5,init
FNDA:5,associate
DA:1,5
DA:2,5
DA:3,5
DA:4,5
DA:5,5
DA:6,5
DA:7,5
DA:8,5
DA:9,5
DA:10,5
DA:11,5
DA:12,5
DA:13,5
DA:14,5
DA:15,5
DA:16,5
DA:17,5
DA:18,5
DA:19,5
DA:20,5
DA:21,5
DA:22,5
DA:23,5
DA:24,5
DA:25,5
DA:26,5
DA:27,5
DA:28,5
DA:29,5
DA:30,5
DA:31,5
DA:32,5
DA:33,5
DA:34,5
LF:34
LH:34
BRDA:1,0,0,5
BRDA:1,1,0,5
BRDA:7,2,0,5
BRDA:20,3,0,5
BRF:4
BRH:4
end_of_record
TN:
SF:src\app\models\Stock.js
FN:1,Object.<anonymous>
FN:8,init
FN:21,associate
FNF:3
FNH:3
FNDA:5,Object.<anonymous>
FNDA:5,init
FNDA:5,associate
DA:1,5
DA:2,5
DA:3,5
DA:4,5
DA:5,5
DA:6,5
DA:7,5
DA:8,5
DA:9,5
DA:10,5
DA:11,5
DA:12,5
DA:13,5
DA:14,5
DA:15,5
DA:16,5
DA:17,5
DA:18,5
DA:19,5
DA:20,5
DA:21,5
DA:22,5
DA:23,5
DA:24,5
DA:25,5
DA:26,5
DA:27,5
DA:28,5
DA:29,5
DA:30,5
DA:31,5
DA:32,5
DA:33,5
DA:34,5
DA:35,5
DA:36,5
DA:37,5
DA:38,5
DA:39,5
DA:40,5
DA:41,5
DA:42,5
LF:42
LH:42
BRDA:1,0,0,5
BRDA:1,1,0,5
BRDA:8,2,0,5
BRDA:21,3,0,5
BRF:4
BRH:4
end_of_record
TN:
SF:src\app\models\StockNearby.js
FN:1,Object.<anonymous>
FN:7,init
FN:21,associate
FNF:3
FNH:3
FNDA:5,Object.<anonymous>
FNDA:5,init
FNDA:5,associate
DA:1,5
DA:2,5
DA:3,5
DA:4,5
DA:5,5
DA:6,5
DA:7,5
DA:8,5
DA:9,5
DA:10,5
DA:11,5
DA:12,5
DA:13,5
DA:14,5
DA:15,5
DA:16,5
DA:17,5
DA:18,5
DA:19,5
DA:20,5
DA:21,5
DA:22,5
DA:23,5
DA:24,5
DA:25,5
DA:26,5
DA:27,5
DA:28,5
DA:29,5
DA:30,5
DA:31,5
DA:32,5
DA:33,5
DA:34,5
DA:35,5
DA:36,5
LF:36
LH:36
BRDA:1,0,0,5
BRDA:1,1,0,5
BRDA:7,2,0,5
BRDA:21,3,0,5
BRF:4
BRH:4
end_of_record
TN:
SF:src\app\models\StockProduct.js
FN:1,Object.<anonymous>
FN:7,init
FN:20,associate
FNF:3
FNH:3
FNDA:5,Object.<anonymous>
FNDA:5,init
FNDA:5,associate
DA:1,5
DA:2,5
DA:3,5
DA:4,5
DA:5,5
DA:6,5
DA:7,5
DA:8,5
DA:9,5
DA:10,5
DA:11,5
DA:12,5
DA:13,5
DA:14,5
DA:15,5
DA:16,5
DA:17,5
DA:18,5
DA:19,5
DA:20,5
DA:21,5
DA:22,5
DA:23,5
DA:24,5
DA:25,5
DA:26,5
DA:27,5
DA:28,5
DA:29,5
DA:30,5
DA:31,5
DA:32,5
DA:33,5
DA:34,5
LF:34
LH:34
BRDA:1,0,0,5
BRDA:1,1,0,5
BRDA:7,2,0,5
BRDA:20,3,0,5
BRF:4
BRH:4
end_of_record
TN:
SF:src\app\routers\category.js
FN:1,Object.<anonymous>
FN:2,_interopRequireDefault
FNF:2
FNH:2
FNDA:5,Object.<anonymous>
FNDA:5,_interopRequireDefault
DA:1,5
DA:2,5
DA:3,5
DA:4,5
DA:5,5
DA:6,5
DA:7,5
DA:8,5
DA:9,5
DA:10,5
DA:11,5
LF:11
LH:11
BRDA:1,0,0,5
BRDA:1,1,0,5
BRDA:2,2,0,5
BRDA:3,3,0,0
BRF:4
BRH:3
end_of_record
TN:
SF:src\app\routers\index.js
FN:1,Object.<anonymous>
FN:3,_interopRequireDefault
FNF:2
FNH:2
FNDA:5,Object.<anonymous>
FNDA:40,_interopRequireDefault
DA:1,5
DA:2,5
DA:3,5
DA:4,40
DA:5,40
DA:6,5
DA:7,5
DA:8,5
DA:9,5
DA:10,5
DA:11,5
DA:12,5
DA:13,5
DA:14,5
DA:15,5
DA:16,5
DA:17,5
DA:18,5
DA:19,5
LF:19
LH:19
BRDA:1,0,0,5
BRDA:1,1,0,5
BRDA:3,2,0,40
BRDA:5,3,0,0
BRF:4
BRH:3
end_of_record
TN:
SF:src\app\routers\product.js
FN:1,Object.<anonymous>
FN:2,_interopRequireDefault
FNF:2
FNH:2
FNDA:5,Object.<anonymous>
FNDA:5,_interopRequireDefault
DA:1,5
DA:2,5
DA:3,5
DA:4,5
DA:5,5
DA:6,5
DA:7,5
DA:8,5
DA:9,5
DA:10,5
DA:11,5
DA:12,5
DA:13,5
DA:14,5
DA:15,5
DA:16,5
DA:17,5
DA:18,5
DA:19,5
DA:20,5
DA:21,5
DA:22,5
DA:23,5
DA:24,5
LF:24
LH:24
BRDA:1,0,0,5
BRDA:1,1,0,5
BRDA:2,2,0,5
BRDA:6,3,0,0
BRF:4
BRH:3
end_of_record
TN:
SF:src\app\routers\reason.js
FN:1,Object.<anonymous>
FN:2,_interopRequireDefault
FNF:2
FNH:2
FNDA:5,Object.<anonymous>
FNDA:5,_interopRequireDefault
DA:1,5
DA:2,5
DA:3,5
DA:4,5
DA:5,5
DA:6,5
DA:7,5
DA:8,5
DA:9,5
DA:10,5
DA:11,5
LF:11
LH:11
BRDA:1,0,0,5
BRDA:1,1,0,5
BRDA:2,2,0,5
BRDA:3,3,0,0
BRF:4
BRH:3
end_of_record
TN:
SF:src\app\routers\sale.js
FN:1,Object.<anonymous>
FN:2,_interopRequireDefault
FNF:2
FNH:2
FNDA:5,Object.<anonymous>
FNDA:5,_interopRequireDefault
DA:1,5
DA:2,5
DA:3,5
DA:4,5
DA:5,5
DA:6,5
DA:7,5
DA:8,5
DA:9,5
DA:10,5
LF:10
LH:10
BRDA:1,0,0,5
BRDA:1,1,0,5
BRDA:2,2,0,5
BRDA:6,3,0,0
BRF:4
BRH:3
end_of_record
TN:
SF:src\app\routers\saleReturn.js
FN:1,Object.<anonymous>
FN:2,_interopRequireDefault
FNF:2
FNH:2
FNDA:5,Object.<anonymous>
FNDA:5,_interopRequireDefault
DA:1,5
DA:2,5
DA:3,5
DA:4,5
DA:5,5
DA:6,5
DA:7,5
DA:8,5
DA:9,5
DA:10,5
DA:11,5
DA:12,5
LF:12
LH:12
BRDA:1,0,0,5
BRDA:1,1,0,5
BRDA:2,2,0,5
BRDA:6,3,0,0
BRF:4
BRH:3
end_of_record
TN:
SF:src\app\routers\stock.js
FN:1,Object.<anonymous>
FN:2,_interopRequireDefault
FNF:2
FNH:2
FNDA:5,Object.<anonymous>
FNDA:5,_interopRequireDefault
DA:1,5
DA:2,5
DA:3,5
DA:4,5
DA:5,5
DA:6,5
DA:7,5
DA:8,5
DA:9,5
DA:10,5
DA:11,5
LF:11
LH:11
BRDA:1,0,0,5
BRDA:1,1,0,5
BRDA:2,2,0,5
BRDA:5,3,0,0
BRF:4
BRH:3
end_of_record
TN:
SF:src\app\routers\stockProduct.js
FN:1,Object.<anonymous>
FN:2,_interopRequireDefault
FNF:2
FNH:2
FNDA:5,Object.<anonymous>
FNDA:5,_interopRequireDefault
DA:1,5
DA:2,5
DA:3,5
DA:4,5
DA:5,5
DA:6,5
DA:7,5
DA:8,5
DA:9,5
DA:10,5
DA:11,5
DA:12,5
DA:13,5
DA:14,5
DA:15,5
DA:16,5
DA:17,5
DA:18,5
DA:19,5
DA:20,5
DA:21,5
DA:22,5
DA:23,5
DA:24,5
DA:25,5
DA:26,5
DA:27,5
DA:28,5
DA:29,5
DA:30,5
LF:30
LH:30
BRDA:1,0,0,5
BRDA:1,1,0,5
BRDA:2,2,0,5
BRDA:5,3,0,0
BRF:4
BRH:3
end_of_record
TN:
SF:src\app\routers\swagger.js
FN:1,Object.<anonymous>
FN:2,_interopRequireDefault
FNF:2
FNH:2
FNDA:5,Object.<anonymous>
FNDA:10,_interopRequireDefault
DA:1,5
DA:2,5
DA:3,10
DA:4,10
DA:5,5
DA:6,5
DA:7,5
DA:8,5
DA:9,5
DA:10,5
DA:11,5
DA:12,5
DA:13,5
LF:13
LH:13
BRDA:1,0,0,5
BRDA:1,1,0,5
BRDA:2,2,0,10
BRDA:3,3,0,0
BRF:4
BRH:3
end_of_record
