TN:
SF:src\app\controllers\AuthController.js
FN:1,Object.<anonymous>
FN:3,_interopRequireDefault
FN:20,store
FNF:3
FNH:2
FNDA:1,Object.<anonymous>
FNDA:3,_interopRequireDefault
FNDA:0,store
DA:1,1
DA:2,1
DA:3,1
DA:4,3
DA:5,3
DA:6,3
DA:7,1
DA:8,1
DA:9,1
DA:10,1
DA:11,1
DA:12,1
DA:13,1
DA:14,1
DA:15,1
DA:16,1
DA:17,1
DA:18,1
DA:19,1
DA:20,1
DA:21,0
DA:22,0
DA:23,0
DA:24,0
DA:25,0
DA:26,0
DA:27,0
DA:28,0
DA:29,0
DA:30,0
DA:31,0
DA:32,0
DA:33,0
DA:34,0
LF:34
LH:20
BRDA:1,0,0,1
BRDA:1,1,0,1
BRDA:3,2,0,3
BRDA:6,3,0,2
BRDA:6,4,0,1
BRF:5
BRH:5
end_of_record
TN:
SF:src\app\controllers\ProductController.js
FN:1,Object.<anonymous>
FN:7,index
FNF:2
FNH:1
FNDA:1,Object.<anonymous>
FNDA:0,index
DA:1,1
DA:2,1
DA:3,1
DA:4,1
DA:5,1
DA:6,1
DA:7,1
LF:7
LH:7
BRDA:1,0,0,1
BRDA:1,1,0,1
BRF:2
BRH:2
end_of_record
TN:
SF:src\app\controllers\UserController.js
FN:1,Object.<anonymous>
FN:4,_interopRequireDefault
FN:15,index
FN:17,show
FN:21,store
FNF:5
FNH:3
FNDA:1,Object.<anonymous>
FNDA:1,_interopRequireDefault
FNDA:0,index
FNDA:0,show
FNDA:3,store
DA:1,1
DA:2,1
DA:3,1
DA:4,1
DA:5,1
DA:6,1
DA:7,1
DA:8,1
DA:9,0
DA:10,0
DA:11,0
DA:12,1
DA:13,1
DA:14,1
DA:15,1
DA:16,0
DA:17,1
DA:18,0
DA:19,1
DA:20,1
DA:21,3
DA:22,3
DA:23,3
DA:24,3
DA:25,3
DA:26,3
DA:27,3
DA:28,1
DA:29,1
DA:30,1
DA:31,1
DA:32,1
DA:33,1
DA:34,3
DA:35,2
DA:36,2
DA:37,2
DA:38,2
DA:39,2
LF:39
LH:34
BRDA:1,0,0,1
BRDA:1,1,0,1
BRDA:4,2,0,1
BRDA:8,3,0,0
BRDA:21,4,0,3
BRDA:27,5,0,2
BRDA:27,6,0,1
BRDA:34,7,0,2
BRF:8
BRH:7
end_of_record
TN:
SF:src\app\middlewares\auth.js
FN:1,Object.<anonymous>
FN:2,_interopRequireDefault
FN:16,Object.<anonymous>.exports.default
FNF:3
FNH:2
FNDA:1,Object.<anonymous>
FNDA:2,_interopRequireDefault
FNDA:0,Object.<anonymous>.exports.default
DA:1,1
DA:2,1
DA:3,2
DA:4,2
DA:5,1
DA:6,1
DA:7,1
DA:8,1
DA:9,1
DA:10,1
DA:11,1
DA:12,1
DA:13,1
DA:14,1
DA:15,1
DA:16,1
DA:17,0
DA:18,0
DA:19,0
DA:20,0
DA:21,0
DA:22,0
DA:23,0
DA:24,0
DA:25,0
LF:25
LH:16
BRDA:1,0,0,1
BRDA:1,1,0,1
BRDA:2,2,0,2
BRDA:5,3,0,1
BRDA:5,4,0,1
BRF:5
BRH:5
end_of_record
TN:
SF:src\app\middlewares\index.js
FN:1,Object.<anonymous>
FNF:1
FNH:1
FNDA:1,Object.<anonymous>
DA:1,1
DA:2,1
DA:3,1
LF:3
LH:3
BRDA:1,0,0,1
BRDA:1,1,0,1
BRF:2
BRH:2
end_of_record
TN:
SF:src\app\middlewares\log.js
FN:1,Object.<anonymous>
FNF:1
FNH:1
FNDA:1,Object.<anonymous>
DA:1,1
DA:2,1
DA:3,1
DA:4,1
DA:5,1
LF:5
LH:5
BRDA:1,0,0,1
BRDA:1,1,0,1
BRF:2
BRH:2
end_of_record
TN:
SF:src\app\models\User.js
FN:1,Object.<anonymous>
FN:2,_interopRequireDefault
FN:16,init
FNF:3
FNH:3
FNDA:1,Object.<anonymous>
FNDA:2,_interopRequireDefault
FNDA:1,init
DA:1,1
DA:2,1
DA:3,2
DA:4,2
DA:5,2
DA:6,2
DA:7,2
DA:8,2
DA:9,1
DA:10,1
DA:11,1
DA:12,1
DA:13,1
DA:14,1
DA:15,1
DA:16,1
DA:17,1
DA:18,1
DA:19,1
DA:20,1
DA:21,1
DA:22,1
DA:23,1
DA:24,1
DA:25,1
DA:26,1
DA:27,1
DA:28,1
DA:29,1
DA:30,1
DA:31,1
DA:32,1
DA:33,1
DA:34,1
DA:35,1
DA:36,1
DA:37,1
DA:38,1
DA:39,1
DA:40,1
DA:41,1
DA:42,1
DA:43,1
DA:44,1
DA:45,1
DA:46,1
DA:47,1
DA:48,1
LF:48
LH:48
BRDA:1,0,0,1
BRDA:1,1,0,1
BRDA:2,2,0,2
BRDA:6,3,0,0
BRDA:16,4,0,1
BRF:5
BRH:4
end_of_record
TN:
SF:src\app\routers\auth.js
FN:1,Object.<anonymous>
FN:2,_interopRequireDefault
FNF:2
FNH:2
FNDA:1,Object.<anonymous>
FNDA:1,_interopRequireDefault
DA:1,1
DA:2,1
DA:3,1
DA:4,1
DA:5,1
DA:6,1
DA:7,1
DA:8,1
LF:8
LH:8
BRDA:1,0,0,1
BRDA:1,1,0,1
BRDA:2,2,0,1
BRDA:6,3,0,0
BRF:4
BRH:3
end_of_record
TN:
SF:src\app\routers\index.js
FN:1,Object.<anonymous>
FN:3,_interopRequireDefault
FNF:2
FNH:2
FNDA:1,Object.<anonymous>
FNDA:3,_interopRequireDefault
DA:1,1
DA:2,1
DA:3,1
DA:4,3
DA:5,3
LF:5
LH:5
BRDA:1,0,0,1
BRDA:1,1,0,1
BRDA:3,2,0,3
BRF:3
BRH:3
end_of_record
TN:
SF:src\app\routers\product.js
FN:1,Object.<anonymous>
FN:2,_interopRequireDefault
FNF:2
FNH:2
FNDA:1,Object.<anonymous>
FNDA:2,_interopRequireDefault
DA:1,1
DA:2,1
DA:3,2
DA:4,0
DA:5,1
DA:6,1
DA:7,1
DA:8,1
DA:9,1
LF:9
LH:8
BRDA:1,0,0,1
BRDA:1,1,0,1
BRDA:2,2,0,2
BRDA:3,3,0,0
BRF:4
BRH:3
end_of_record
TN:
SF:src\app\routers\user.js
FN:1,Object.<anonymous>
FN:2,_interopRequireDefault
FNF:2
FNH:2
FNDA:1,Object.<anonymous>
FNDA:1,_interopRequireDefault
DA:1,1
DA:2,1
DA:3,1
DA:4,1
DA:5,1
DA:6,1
DA:7,1
DA:8,1
DA:9,1
DA:10,1
DA:11,1
DA:12,1
LF:12
LH:12
BRDA:1,0,0,1
BRDA:1,1,0,1
BRDA:2,2,0,1
BRDA:6,3,0,0
BRF:4
BRH:3
end_of_record
